The ``test for say_my_name`` module
===================================

import ``say_my_name`` from ``3-say_my_name`` module

>>> say_my_name = __import__('3-say_my_name').say_my_name
>>> say_my_name("Chukwuebuka", "Okoli")
My name is Chukwuebuka Okoli

>>> say_my_name("Chukwuebuka")
My name is Chukwuebuka 

>>> say_my_name("Walter", "98")
My name is Walter 98

``Errors``

>>> say_my_name(None)
Traceback (most recent call last):
TypeError: first_name must be a string

>>> say_my_name("Walter", 98)
Traceback (most recent call last):
TypeError: last_name must be a string

>>> say_my_name()
Traceback (most recent call last):
TypeError: say_my_name() missing 1 required positional argument: 'first_name'

>>> say_my_name(,)
Traceback (most recent call last):
SyntaxError: invalid syntax
